INFO [2022-11-14 00:14:17] [[1]]
INFO [2022-11-14 00:14:17] x
INFO [2022-11-14 00:14:17] 
INFO [2022-11-14 00:14:17] $category.names
INFO [2022-11-14 00:14:17] c("Top 50 PER", "Top 50 GameScore", "NBA 75th Anniversary Players")
INFO [2022-11-14 00:14:17] 
INFO [2022-11-14 00:14:17] $output
INFO [2022-11-14 00:14:17] [1] TRUE
INFO [2022-11-14 00:14:17] 
INFO [2022-11-14 00:14:17] $filename
INFO [2022-11-14 00:14:17] [1] "PERGS75Venn.png"
INFO [2022-11-14 00:14:17] 
INFO [2022-11-14 00:14:17] $height
INFO [2022-11-14 00:14:17] [1] 1000
INFO [2022-11-14 00:14:17] 
INFO [2022-11-14 00:14:17] $width
INFO [2022-11-14 00:14:17] [1] 1300
INFO [2022-11-14 00:14:17] 
INFO [2022-11-14 00:14:17] $resolution
INFO [2022-11-14 00:14:17] [1] 300
INFO [2022-11-14 00:14:17] 
INFO [2022-11-14 00:14:17] $lwd
INFO [2022-11-14 00:14:17] [1] 2
INFO [2022-11-14 00:14:17] 
INFO [2022-11-14 00:14:17] $lty
INFO [2022-11-14 00:14:17] [1] "blank"
INFO [2022-11-14 00:14:17] 
INFO [2022-11-14 00:14:17] $fill
INFO [2022-11-14 00:14:17] myCol
INFO [2022-11-14 00:14:17] 
INFO [2022-11-14 00:14:17] $cex
INFO [2022-11-14 00:14:17] [1] 0.6
INFO [2022-11-14 00:14:17] 
INFO [2022-11-14 00:14:17] $fontface
INFO [2022-11-14 00:14:17] [1] "bold"
INFO [2022-11-14 00:14:17] 
INFO [2022-11-14 00:14:17] $fontfamily
INFO [2022-11-14 00:14:17] [1] "sans"
INFO [2022-11-14 00:14:17] 
INFO [2022-11-14 00:14:17] $cat.cex
INFO [2022-11-14 00:14:17] [1] 0.6
INFO [2022-11-14 00:14:17] 
INFO [2022-11-14 00:14:17] $cat.fontface
INFO [2022-11-14 00:14:17] [1] "bold"
INFO [2022-11-14 00:14:17] 
INFO [2022-11-14 00:14:17] $cat.default.pos
INFO [2022-11-14 00:14:17] [1] "outer"
INFO [2022-11-14 00:14:17] 
INFO [2022-11-14 00:14:17] $cat.pos
INFO [2022-11-14 00:14:17] c(-27, 27, 135)
INFO [2022-11-14 00:14:17] 
INFO [2022-11-14 00:14:17] $cat.dist
INFO [2022-11-14 00:14:17] c(0.055, 0.055, 0.085)
INFO [2022-11-14 00:14:17] 
INFO [2022-11-14 00:14:17] $cat.fontfamily
INFO [2022-11-14 00:14:17] [1] "sans"
INFO [2022-11-14 00:14:17] 
INFO [2022-11-14 00:14:17] $rotation
INFO [2022-11-14 00:14:17] [1] 1
INFO [2022-11-14 00:14:17] 
