INFO [2022-11-14 00:13:29] [[1]]
INFO [2022-11-14 00:13:29] x
INFO [2022-11-14 00:13:29] 
INFO [2022-11-14 00:13:29] $category.names
INFO [2022-11-14 00:13:29] c("Top 50 PER", "Top 50 GameScore", "NBA 75th Anniversary Players")
INFO [2022-11-14 00:13:29] 
INFO [2022-11-14 00:13:29] $output
INFO [2022-11-14 00:13:29] [1] TRUE
INFO [2022-11-14 00:13:29] 
INFO [2022-11-14 00:13:29] $filename
INFO [2022-11-14 00:13:29] [1] "PERGS75Venn.png"
INFO [2022-11-14 00:13:29] 
INFO [2022-11-14 00:13:29] $height
INFO [2022-11-14 00:13:29] [1] 1000
INFO [2022-11-14 00:13:29] 
INFO [2022-11-14 00:13:29] $width
INFO [2022-11-14 00:13:29] [1] 1300
INFO [2022-11-14 00:13:29] 
INFO [2022-11-14 00:13:29] $resolution
INFO [2022-11-14 00:13:29] [1] 300
INFO [2022-11-14 00:13:29] 
INFO [2022-11-14 00:13:29] $lwd
INFO [2022-11-14 00:13:29] [1] 2
INFO [2022-11-14 00:13:29] 
INFO [2022-11-14 00:13:29] $lty
INFO [2022-11-14 00:13:29] [1] "blank"
INFO [2022-11-14 00:13:29] 
INFO [2022-11-14 00:13:29] $fill
INFO [2022-11-14 00:13:29] myCol
INFO [2022-11-14 00:13:29] 
INFO [2022-11-14 00:13:29] $cex
INFO [2022-11-14 00:13:29] [1] 0.6
INFO [2022-11-14 00:13:29] 
INFO [2022-11-14 00:13:29] $fontface
INFO [2022-11-14 00:13:29] [1] "bold"
INFO [2022-11-14 00:13:29] 
INFO [2022-11-14 00:13:29] $fontfamily
INFO [2022-11-14 00:13:29] [1] "sans"
INFO [2022-11-14 00:13:29] 
INFO [2022-11-14 00:13:29] $cat.cex
INFO [2022-11-14 00:13:29] [1] 0.6
INFO [2022-11-14 00:13:29] 
INFO [2022-11-14 00:13:29] $cat.fontface
INFO [2022-11-14 00:13:29] [1] "bold"
INFO [2022-11-14 00:13:29] 
INFO [2022-11-14 00:13:29] $cat.default.pos
INFO [2022-11-14 00:13:29] [1] "outer"
INFO [2022-11-14 00:13:29] 
INFO [2022-11-14 00:13:29] $cat.pos
INFO [2022-11-14 00:13:29] c(-27, 27, 50)
INFO [2022-11-14 00:13:29] 
INFO [2022-11-14 00:13:29] $cat.dist
INFO [2022-11-14 00:13:29] c(0.055, 0.055, 0.085)
INFO [2022-11-14 00:13:29] 
INFO [2022-11-14 00:13:29] $cat.fontfamily
INFO [2022-11-14 00:13:29] [1] "sans"
INFO [2022-11-14 00:13:29] 
INFO [2022-11-14 00:13:29] $rotation
INFO [2022-11-14 00:13:29] [1] 1
INFO [2022-11-14 00:13:29] 
