INFO [2022-11-14 00:16:08] [[1]]
INFO [2022-11-14 00:16:08] x
INFO [2022-11-14 00:16:08] 
INFO [2022-11-14 00:16:08] $category.names
INFO [2022-11-14 00:16:08] c("Top 50 PER", "Top 50 GameScore", "NBA 75th Anniversary Players")
INFO [2022-11-14 00:16:08] 
INFO [2022-11-14 00:16:08] $output
INFO [2022-11-14 00:16:08] [1] TRUE
INFO [2022-11-14 00:16:08] 
INFO [2022-11-14 00:16:08] $filename
INFO [2022-11-14 00:16:08] [1] "PERGS75Venn.png"
INFO [2022-11-14 00:16:08] 
INFO [2022-11-14 00:16:08] $height
INFO [2022-11-14 00:16:08] [1] 1000
INFO [2022-11-14 00:16:08] 
INFO [2022-11-14 00:16:08] $width
INFO [2022-11-14 00:16:08] [1] 1300
INFO [2022-11-14 00:16:08] 
INFO [2022-11-14 00:16:08] $resolution
INFO [2022-11-14 00:16:08] [1] 300
INFO [2022-11-14 00:16:08] 
INFO [2022-11-14 00:16:08] $lwd
INFO [2022-11-14 00:16:08] [1] 2
INFO [2022-11-14 00:16:08] 
INFO [2022-11-14 00:16:08] $lty
INFO [2022-11-14 00:16:08] [1] "blank"
INFO [2022-11-14 00:16:08] 
INFO [2022-11-14 00:16:08] $fill
INFO [2022-11-14 00:16:08] myCol
INFO [2022-11-14 00:16:08] 
INFO [2022-11-14 00:16:08] $cex
INFO [2022-11-14 00:16:08] [1] 0.6
INFO [2022-11-14 00:16:08] 
INFO [2022-11-14 00:16:08] $fontface
INFO [2022-11-14 00:16:08] [1] "bold"
INFO [2022-11-14 00:16:08] 
INFO [2022-11-14 00:16:08] $fontfamily
INFO [2022-11-14 00:16:08] [1] "sans"
INFO [2022-11-14 00:16:08] 
INFO [2022-11-14 00:16:08] $cat.cex
INFO [2022-11-14 00:16:08] [1] 0.6
INFO [2022-11-14 00:16:08] 
INFO [2022-11-14 00:16:08] $cat.fontface
INFO [2022-11-14 00:16:08] [1] "bold"
INFO [2022-11-14 00:16:08] 
INFO [2022-11-14 00:16:08] $cat.default.pos
INFO [2022-11-14 00:16:08] [1] "outer"
INFO [2022-11-14 00:16:08] 
INFO [2022-11-14 00:16:08] $cat.pos
INFO [2022-11-14 00:16:08] c(-27, 27, 165)
INFO [2022-11-14 00:16:08] 
INFO [2022-11-14 00:16:08] $cat.dist
INFO [2022-11-14 00:16:08] c(0.055, 0.055, 0.085)
INFO [2022-11-14 00:16:08] 
INFO [2022-11-14 00:16:08] $cat.fontfamily
INFO [2022-11-14 00:16:08] [1] "sans"
INFO [2022-11-14 00:16:08] 
INFO [2022-11-14 00:16:08] $rotation
INFO [2022-11-14 00:16:08] [1] 1
INFO [2022-11-14 00:16:08] 
