INFO [2022-11-14 00:06:32] [[1]]
INFO [2022-11-14 00:06:32] x
INFO [2022-11-14 00:06:32] 
INFO [2022-11-14 00:06:32] $category.names
INFO [2022-11-14 00:06:32] c("Top 50 PER", "Top 50 GameScore", "NBA 75th Anniversary Players")
INFO [2022-11-14 00:06:32] 
INFO [2022-11-14 00:06:32] $filename
INFO [2022-11-14 00:06:32] [1] "PERGS75Venn"
INFO [2022-11-14 00:06:32] 
INFO [2022-11-14 00:06:32] $imagetype
INFO [2022-11-14 00:06:32] [1] "png"
INFO [2022-11-14 00:06:32] 
INFO [2022-11-14 00:06:32] $height
INFO [2022-11-14 00:06:32] [1] 480
INFO [2022-11-14 00:06:32] 
INFO [2022-11-14 00:06:32] $width
INFO [2022-11-14 00:06:32] [1] 480
INFO [2022-11-14 00:06:32] 
INFO [2022-11-14 00:06:32] $resolution
INFO [2022-11-14 00:06:32] [1] 300
INFO [2022-11-14 00:06:32] 
INFO [2022-11-14 00:06:32] $cex
INFO [2022-11-14 00:06:32] [1] 0.6
INFO [2022-11-14 00:06:32] 
INFO [2022-11-14 00:06:32] $fontface
INFO [2022-11-14 00:06:32] [1] "bold"
INFO [2022-11-14 00:06:32] 
INFO [2022-11-14 00:06:32] $fontfamily
INFO [2022-11-14 00:06:32] [1] "sans"
INFO [2022-11-14 00:06:32] 
INFO [2022-11-14 00:06:32] $cat.cex
INFO [2022-11-14 00:06:32] [1] 0.6
INFO [2022-11-14 00:06:32] 
INFO [2022-11-14 00:06:32] $cat.fontface
INFO [2022-11-14 00:06:32] [1] "bold"
INFO [2022-11-14 00:06:32] 
INFO [2022-11-14 00:06:32] $cat.default.pos
INFO [2022-11-14 00:06:32] [1] "outer"
INFO [2022-11-14 00:06:32] 
INFO [2022-11-14 00:06:32] $cat.pos
INFO [2022-11-14 00:06:32] c(-27, 27, 135)
INFO [2022-11-14 00:06:32] 
INFO [2022-11-14 00:06:32] $cat.dist
INFO [2022-11-14 00:06:32] c(0.055, 0.055, 0.085)
INFO [2022-11-14 00:06:32] 
INFO [2022-11-14 00:06:32] $cat.fontfamily
INFO [2022-11-14 00:06:32] [1] "sans"
INFO [2022-11-14 00:06:32] 
INFO [2022-11-14 00:06:32] $rotation
INFO [2022-11-14 00:06:32] [1] 1
INFO [2022-11-14 00:06:32] 
