INFO [2022-11-14 00:11:55] [[1]]
INFO [2022-11-14 00:11:55] x
INFO [2022-11-14 00:11:55] 
INFO [2022-11-14 00:11:55] $category.names
INFO [2022-11-14 00:11:55] c("Top 50 PER", "Top 50 GameScore", "NBA 75th Anniversary Players")
INFO [2022-11-14 00:11:55] 
INFO [2022-11-14 00:11:55] $output
INFO [2022-11-14 00:11:55] [1] TRUE
INFO [2022-11-14 00:11:55] 
INFO [2022-11-14 00:11:55] $filename
INFO [2022-11-14 00:11:55] [1] "PERGS75Venn.png"
INFO [2022-11-14 00:11:55] 
INFO [2022-11-14 00:11:55] $height
INFO [2022-11-14 00:11:55] [1] 1000
INFO [2022-11-14 00:11:55] 
INFO [2022-11-14 00:11:55] $width
INFO [2022-11-14 00:11:55] [1] 1000
INFO [2022-11-14 00:11:55] 
INFO [2022-11-14 00:11:55] $resolution
INFO [2022-11-14 00:11:55] [1] 300
INFO [2022-11-14 00:11:55] 
INFO [2022-11-14 00:11:55] $lwd
INFO [2022-11-14 00:11:55] [1] 2
INFO [2022-11-14 00:11:55] 
INFO [2022-11-14 00:11:55] $lty
INFO [2022-11-14 00:11:55] [1] "blank"
INFO [2022-11-14 00:11:55] 
INFO [2022-11-14 00:11:55] $fill
INFO [2022-11-14 00:11:55] myCol
INFO [2022-11-14 00:11:55] 
INFO [2022-11-14 00:11:55] $cex
INFO [2022-11-14 00:11:55] [1] 0.6
INFO [2022-11-14 00:11:55] 
INFO [2022-11-14 00:11:55] $fontface
INFO [2022-11-14 00:11:55] [1] "bold"
INFO [2022-11-14 00:11:55] 
INFO [2022-11-14 00:11:55] $fontfamily
INFO [2022-11-14 00:11:55] [1] "sans"
INFO [2022-11-14 00:11:55] 
INFO [2022-11-14 00:11:55] $cat.cex
INFO [2022-11-14 00:11:55] [1] 0.6
INFO [2022-11-14 00:11:55] 
INFO [2022-11-14 00:11:55] $cat.fontface
INFO [2022-11-14 00:11:55] [1] "bold"
INFO [2022-11-14 00:11:55] 
INFO [2022-11-14 00:11:55] $cat.default.pos
INFO [2022-11-14 00:11:55] [1] "outer"
INFO [2022-11-14 00:11:55] 
INFO [2022-11-14 00:11:55] $cat.pos
INFO [2022-11-14 00:11:55] c(-27, 27, 300)
INFO [2022-11-14 00:11:55] 
INFO [2022-11-14 00:11:55] $cat.dist
INFO [2022-11-14 00:11:55] c(0.055, 0.055, 0.085)
INFO [2022-11-14 00:11:55] 
INFO [2022-11-14 00:11:55] $cat.fontfamily
INFO [2022-11-14 00:11:55] [1] "sans"
INFO [2022-11-14 00:11:55] 
INFO [2022-11-14 00:11:55] $rotation
INFO [2022-11-14 00:11:55] [1] 1
INFO [2022-11-14 00:11:55] 
