INFO [2022-11-14 00:14:04] [[1]]
INFO [2022-11-14 00:14:04] x
INFO [2022-11-14 00:14:04] 
INFO [2022-11-14 00:14:04] $category.names
INFO [2022-11-14 00:14:04] c("Top 50 PER", "Top 50 GameScore", "NBA 75th Anniversary Players")
INFO [2022-11-14 00:14:04] 
INFO [2022-11-14 00:14:04] $output
INFO [2022-11-14 00:14:04] [1] TRUE
INFO [2022-11-14 00:14:04] 
INFO [2022-11-14 00:14:04] $filename
INFO [2022-11-14 00:14:04] [1] "PERGS75Venn.png"
INFO [2022-11-14 00:14:04] 
INFO [2022-11-14 00:14:04] $height
INFO [2022-11-14 00:14:04] [1] 1000
INFO [2022-11-14 00:14:04] 
INFO [2022-11-14 00:14:04] $width
INFO [2022-11-14 00:14:04] [1] 1300
INFO [2022-11-14 00:14:04] 
INFO [2022-11-14 00:14:04] $resolution
INFO [2022-11-14 00:14:04] [1] 300
INFO [2022-11-14 00:14:04] 
INFO [2022-11-14 00:14:04] $lwd
INFO [2022-11-14 00:14:04] [1] 2
INFO [2022-11-14 00:14:04] 
INFO [2022-11-14 00:14:04] $lty
INFO [2022-11-14 00:14:04] [1] "blank"
INFO [2022-11-14 00:14:04] 
INFO [2022-11-14 00:14:04] $fill
INFO [2022-11-14 00:14:04] myCol
INFO [2022-11-14 00:14:04] 
INFO [2022-11-14 00:14:04] $cex
INFO [2022-11-14 00:14:04] [1] 0.6
INFO [2022-11-14 00:14:04] 
INFO [2022-11-14 00:14:04] $fontface
INFO [2022-11-14 00:14:04] [1] "bold"
INFO [2022-11-14 00:14:04] 
INFO [2022-11-14 00:14:04] $fontfamily
INFO [2022-11-14 00:14:04] [1] "sans"
INFO [2022-11-14 00:14:04] 
INFO [2022-11-14 00:14:04] $cat.cex
INFO [2022-11-14 00:14:04] [1] 0.6
INFO [2022-11-14 00:14:04] 
INFO [2022-11-14 00:14:04] $cat.fontface
INFO [2022-11-14 00:14:04] [1] "bold"
INFO [2022-11-14 00:14:04] 
INFO [2022-11-14 00:14:04] $cat.default.pos
INFO [2022-11-14 00:14:04] [1] "outer"
INFO [2022-11-14 00:14:04] 
INFO [2022-11-14 00:14:04] $cat.pos
INFO [2022-11-14 00:14:04] c(-27, 27, 125)
INFO [2022-11-14 00:14:04] 
INFO [2022-11-14 00:14:04] $cat.dist
INFO [2022-11-14 00:14:04] c(0.055, 0.055, 0.085)
INFO [2022-11-14 00:14:04] 
INFO [2022-11-14 00:14:04] $cat.fontfamily
INFO [2022-11-14 00:14:04] [1] "sans"
INFO [2022-11-14 00:14:04] 
INFO [2022-11-14 00:14:04] $rotation
INFO [2022-11-14 00:14:04] [1] 1
INFO [2022-11-14 00:14:04] 
