INFO [2022-11-14 00:15:05] [[1]]
INFO [2022-11-14 00:15:05] x
INFO [2022-11-14 00:15:05] 
INFO [2022-11-14 00:15:05] $category.names
INFO [2022-11-14 00:15:05] c("Top 50 PER", "Top 50 GameScore", "NBA 75th Anniversary Players")
INFO [2022-11-14 00:15:05] 
INFO [2022-11-14 00:15:05] $output
INFO [2022-11-14 00:15:05] [1] TRUE
INFO [2022-11-14 00:15:05] 
INFO [2022-11-14 00:15:05] $filename
INFO [2022-11-14 00:15:05] [1] "PERGS75Venn.png"
INFO [2022-11-14 00:15:05] 
INFO [2022-11-14 00:15:05] $height
INFO [2022-11-14 00:15:05] [1] 1000
INFO [2022-11-14 00:15:05] 
INFO [2022-11-14 00:15:05] $width
INFO [2022-11-14 00:15:05] [1] 1300
INFO [2022-11-14 00:15:05] 
INFO [2022-11-14 00:15:05] $resolution
INFO [2022-11-14 00:15:05] [1] 300
INFO [2022-11-14 00:15:05] 
INFO [2022-11-14 00:15:05] $lwd
INFO [2022-11-14 00:15:05] [1] 2
INFO [2022-11-14 00:15:05] 
INFO [2022-11-14 00:15:05] $lty
INFO [2022-11-14 00:15:05] [1] "blank"
INFO [2022-11-14 00:15:05] 
INFO [2022-11-14 00:15:05] $fill
INFO [2022-11-14 00:15:05] myCol
INFO [2022-11-14 00:15:05] 
INFO [2022-11-14 00:15:05] $cex
INFO [2022-11-14 00:15:05] [1] 0.6
INFO [2022-11-14 00:15:05] 
INFO [2022-11-14 00:15:05] $fontface
INFO [2022-11-14 00:15:05] [1] "bold"
INFO [2022-11-14 00:15:05] 
INFO [2022-11-14 00:15:05] $fontfamily
INFO [2022-11-14 00:15:05] [1] "sans"
INFO [2022-11-14 00:15:05] 
INFO [2022-11-14 00:15:05] $cat.cex
INFO [2022-11-14 00:15:05] [1] 0.6
INFO [2022-11-14 00:15:05] 
INFO [2022-11-14 00:15:05] $cat.fontface
INFO [2022-11-14 00:15:05] [1] "bold"
INFO [2022-11-14 00:15:05] 
INFO [2022-11-14 00:15:05] $cat.default.pos
INFO [2022-11-14 00:15:05] [1] "outer"
INFO [2022-11-14 00:15:05] 
INFO [2022-11-14 00:15:05] $cat.pos
INFO [2022-11-14 00:15:05] c(-27, 27, 150)
INFO [2022-11-14 00:15:05] 
INFO [2022-11-14 00:15:05] $cat.dist
INFO [2022-11-14 00:15:05] c(0.055, 0.055, 0.085)
INFO [2022-11-14 00:15:05] 
INFO [2022-11-14 00:15:05] $cat.fontfamily
INFO [2022-11-14 00:15:05] [1] "sans"
INFO [2022-11-14 00:15:05] 
INFO [2022-11-14 00:15:05] $rotation
INFO [2022-11-14 00:15:05] [1] 1
INFO [2022-11-14 00:15:05] 
