INFO [2022-11-14 00:10:35] [[1]]
INFO [2022-11-14 00:10:35] x
INFO [2022-11-14 00:10:35] 
INFO [2022-11-14 00:10:35] $category.names
INFO [2022-11-14 00:10:35] c("Top 50 PER", "Top 50 GameScore", "NBA 75th Anniversary Players")
INFO [2022-11-14 00:10:35] 
INFO [2022-11-14 00:10:35] $output
INFO [2022-11-14 00:10:35] [1] TRUE
INFO [2022-11-14 00:10:35] 
INFO [2022-11-14 00:10:35] $filename
INFO [2022-11-14 00:10:35] [1] "PERGS75Venn.png"
INFO [2022-11-14 00:10:35] 
INFO [2022-11-14 00:10:35] $height
INFO [2022-11-14 00:10:35] [1] 700
INFO [2022-11-14 00:10:35] 
INFO [2022-11-14 00:10:35] $width
INFO [2022-11-14 00:10:35] [1] 1000
INFO [2022-11-14 00:10:35] 
INFO [2022-11-14 00:10:35] $resolution
INFO [2022-11-14 00:10:35] [1] 300
INFO [2022-11-14 00:10:35] 
INFO [2022-11-14 00:10:35] $lwd
INFO [2022-11-14 00:10:35] [1] 2
INFO [2022-11-14 00:10:35] 
INFO [2022-11-14 00:10:35] $lty
INFO [2022-11-14 00:10:35] [1] "blank"
INFO [2022-11-14 00:10:35] 
INFO [2022-11-14 00:10:35] $fill
INFO [2022-11-14 00:10:35] myCol
INFO [2022-11-14 00:10:35] 
INFO [2022-11-14 00:10:35] $cex
INFO [2022-11-14 00:10:35] [1] 0.6
INFO [2022-11-14 00:10:35] 
INFO [2022-11-14 00:10:35] $fontface
INFO [2022-11-14 00:10:35] [1] "bold"
INFO [2022-11-14 00:10:35] 
INFO [2022-11-14 00:10:35] $fontfamily
INFO [2022-11-14 00:10:35] [1] "sans"
INFO [2022-11-14 00:10:35] 
INFO [2022-11-14 00:10:35] $cat.cex
INFO [2022-11-14 00:10:35] [1] 0.6
INFO [2022-11-14 00:10:35] 
INFO [2022-11-14 00:10:35] $cat.fontface
INFO [2022-11-14 00:10:35] [1] "bold"
INFO [2022-11-14 00:10:35] 
INFO [2022-11-14 00:10:35] $cat.default.pos
INFO [2022-11-14 00:10:35] [1] "outer"
INFO [2022-11-14 00:10:35] 
INFO [2022-11-14 00:10:35] $cat.pos
INFO [2022-11-14 00:10:35] c(-27, 27, 135)
INFO [2022-11-14 00:10:35] 
INFO [2022-11-14 00:10:35] $cat.dist
INFO [2022-11-14 00:10:35] c(0.055, 0.055, 0.085)
INFO [2022-11-14 00:10:35] 
INFO [2022-11-14 00:10:35] $cat.fontfamily
INFO [2022-11-14 00:10:35] [1] "sans"
INFO [2022-11-14 00:10:35] 
INFO [2022-11-14 00:10:35] $rotation
INFO [2022-11-14 00:10:35] [1] 1
INFO [2022-11-14 00:10:35] 
