INFO [2022-11-14 00:12:56] [[1]]
INFO [2022-11-14 00:12:56] x
INFO [2022-11-14 00:12:56] 
INFO [2022-11-14 00:12:56] $category.names
INFO [2022-11-14 00:12:56] c("Top 50 PER", "Top 50 GameScore", "NBA 75th Anniversary Players")
INFO [2022-11-14 00:12:56] 
INFO [2022-11-14 00:12:56] $output
INFO [2022-11-14 00:12:56] [1] TRUE
INFO [2022-11-14 00:12:56] 
INFO [2022-11-14 00:12:56] $filename
INFO [2022-11-14 00:12:56] [1] "PERGS75Venn.png"
INFO [2022-11-14 00:12:56] 
INFO [2022-11-14 00:12:56] $height
INFO [2022-11-14 00:12:56] [1] 1000
INFO [2022-11-14 00:12:56] 
INFO [2022-11-14 00:12:56] $width
INFO [2022-11-14 00:12:56] [1] 1000
INFO [2022-11-14 00:12:56] 
INFO [2022-11-14 00:12:56] $resolution
INFO [2022-11-14 00:12:56] [1] 300
INFO [2022-11-14 00:12:56] 
INFO [2022-11-14 00:12:56] $lwd
INFO [2022-11-14 00:12:56] [1] 2
INFO [2022-11-14 00:12:56] 
INFO [2022-11-14 00:12:56] $lty
INFO [2022-11-14 00:12:56] [1] "blank"
INFO [2022-11-14 00:12:56] 
INFO [2022-11-14 00:12:56] $fill
INFO [2022-11-14 00:12:56] myCol
INFO [2022-11-14 00:12:56] 
INFO [2022-11-14 00:12:56] $cex
INFO [2022-11-14 00:12:56] [1] 0.6
INFO [2022-11-14 00:12:56] 
INFO [2022-11-14 00:12:56] $fontface
INFO [2022-11-14 00:12:56] [1] "bold"
INFO [2022-11-14 00:12:56] 
INFO [2022-11-14 00:12:56] $fontfamily
INFO [2022-11-14 00:12:56] [1] "sans"
INFO [2022-11-14 00:12:56] 
INFO [2022-11-14 00:12:56] $cat.cex
INFO [2022-11-14 00:12:56] [1] 0.6
INFO [2022-11-14 00:12:56] 
INFO [2022-11-14 00:12:56] $cat.fontface
INFO [2022-11-14 00:12:56] [1] "bold"
INFO [2022-11-14 00:12:56] 
INFO [2022-11-14 00:12:56] $cat.default.pos
INFO [2022-11-14 00:12:56] [1] "outer"
INFO [2022-11-14 00:12:56] 
INFO [2022-11-14 00:12:56] $cat.pos
INFO [2022-11-14 00:12:56] c(-27, 27, 50)
INFO [2022-11-14 00:12:56] 
INFO [2022-11-14 00:12:56] $cat.dist
INFO [2022-11-14 00:12:56] c(0.055, 0.055, 0.085)
INFO [2022-11-14 00:12:56] 
INFO [2022-11-14 00:12:56] $cat.fontfamily
INFO [2022-11-14 00:12:56] [1] "sans"
INFO [2022-11-14 00:12:56] 
INFO [2022-11-14 00:12:56] $rotation
INFO [2022-11-14 00:12:56] [1] 1
INFO [2022-11-14 00:12:56] 
