INFO [2022-11-14 00:14:39] [[1]]
INFO [2022-11-14 00:14:39] x
INFO [2022-11-14 00:14:39] 
INFO [2022-11-14 00:14:39] $category.names
INFO [2022-11-14 00:14:39] c("Top 50 PER", "Top 50 GameScore", "NBA 75th Anniversary Players")
INFO [2022-11-14 00:14:39] 
INFO [2022-11-14 00:14:39] $output
INFO [2022-11-14 00:14:39] [1] TRUE
INFO [2022-11-14 00:14:39] 
INFO [2022-11-14 00:14:39] $filename
INFO [2022-11-14 00:14:39] [1] "PERGS75Venn.png"
INFO [2022-11-14 00:14:39] 
INFO [2022-11-14 00:14:39] $height
INFO [2022-11-14 00:14:39] [1] 1000
INFO [2022-11-14 00:14:39] 
INFO [2022-11-14 00:14:39] $width
INFO [2022-11-14 00:14:39] [1] 1300
INFO [2022-11-14 00:14:39] 
INFO [2022-11-14 00:14:39] $resolution
INFO [2022-11-14 00:14:39] [1] 300
INFO [2022-11-14 00:14:39] 
INFO [2022-11-14 00:14:39] $lwd
INFO [2022-11-14 00:14:39] [1] 2
INFO [2022-11-14 00:14:39] 
INFO [2022-11-14 00:14:39] $lty
INFO [2022-11-14 00:14:39] [1] "blank"
INFO [2022-11-14 00:14:39] 
INFO [2022-11-14 00:14:39] $fill
INFO [2022-11-14 00:14:39] myCol
INFO [2022-11-14 00:14:39] 
INFO [2022-11-14 00:14:39] $cex
INFO [2022-11-14 00:14:39] [1] 0.6
INFO [2022-11-14 00:14:39] 
INFO [2022-11-14 00:14:39] $fontface
INFO [2022-11-14 00:14:39] [1] "bold"
INFO [2022-11-14 00:14:39] 
INFO [2022-11-14 00:14:39] $fontfamily
INFO [2022-11-14 00:14:39] [1] "sans"
INFO [2022-11-14 00:14:39] 
INFO [2022-11-14 00:14:39] $cat.cex
INFO [2022-11-14 00:14:39] [1] 0.6
INFO [2022-11-14 00:14:39] 
INFO [2022-11-14 00:14:39] $cat.fontface
INFO [2022-11-14 00:14:39] [1] "bold"
INFO [2022-11-14 00:14:39] 
INFO [2022-11-14 00:14:39] $cat.default.pos
INFO [2022-11-14 00:14:39] [1] "outer"
INFO [2022-11-14 00:14:39] 
INFO [2022-11-14 00:14:39] $cat.pos
INFO [2022-11-14 00:14:39] c(-27, 27, 140)
INFO [2022-11-14 00:14:39] 
INFO [2022-11-14 00:14:39] $cat.dist
INFO [2022-11-14 00:14:39] c(0.055, 0.055, 0.085)
INFO [2022-11-14 00:14:39] 
INFO [2022-11-14 00:14:39] $cat.fontfamily
INFO [2022-11-14 00:14:39] [1] "sans"
INFO [2022-11-14 00:14:39] 
INFO [2022-11-14 00:14:39] $rotation
INFO [2022-11-14 00:14:39] [1] 1
INFO [2022-11-14 00:14:39] 
