INFO [2022-11-14 00:09:03] [[1]]
INFO [2022-11-14 00:09:03] x
INFO [2022-11-14 00:09:03] 
INFO [2022-11-14 00:09:03] $category.names
INFO [2022-11-14 00:09:03] c("Top 50 PER", "Top 50 GameScore", "NBA 75th Anniversary Players")
INFO [2022-11-14 00:09:03] 
INFO [2022-11-14 00:09:03] $output
INFO [2022-11-14 00:09:03] [1] TRUE
INFO [2022-11-14 00:09:03] 
INFO [2022-11-14 00:09:03] $filename
INFO [2022-11-14 00:09:03] [1] "PERGS75Venn.png"
INFO [2022-11-14 00:09:03] 
INFO [2022-11-14 00:09:03] $height
INFO [2022-11-14 00:09:03] [1] 480
INFO [2022-11-14 00:09:03] 
INFO [2022-11-14 00:09:03] $width
INFO [2022-11-14 00:09:03] [1] 480
INFO [2022-11-14 00:09:03] 
INFO [2022-11-14 00:09:03] $resolution
INFO [2022-11-14 00:09:03] [1] 300
INFO [2022-11-14 00:09:03] 
INFO [2022-11-14 00:09:03] $cex
INFO [2022-11-14 00:09:03] [1] 0.6
INFO [2022-11-14 00:09:03] 
INFO [2022-11-14 00:09:03] $fontface
INFO [2022-11-14 00:09:03] [1] "bold"
INFO [2022-11-14 00:09:03] 
INFO [2022-11-14 00:09:03] $fontfamily
INFO [2022-11-14 00:09:03] [1] "sans"
INFO [2022-11-14 00:09:03] 
INFO [2022-11-14 00:09:03] $cat.cex
INFO [2022-11-14 00:09:03] [1] 0.6
INFO [2022-11-14 00:09:03] 
INFO [2022-11-14 00:09:03] $cat.fontface
INFO [2022-11-14 00:09:03] [1] "bold"
INFO [2022-11-14 00:09:03] 
INFO [2022-11-14 00:09:03] $cat.default.pos
INFO [2022-11-14 00:09:03] [1] "outer"
INFO [2022-11-14 00:09:03] 
INFO [2022-11-14 00:09:03] $cat.pos
INFO [2022-11-14 00:09:03] c(-27, 27, 135)
INFO [2022-11-14 00:09:03] 
INFO [2022-11-14 00:09:03] $cat.dist
INFO [2022-11-14 00:09:03] c(0.055, 0.055, 0.085)
INFO [2022-11-14 00:09:03] 
INFO [2022-11-14 00:09:03] $cat.fontfamily
INFO [2022-11-14 00:09:03] [1] "sans"
INFO [2022-11-14 00:09:03] 
INFO [2022-11-14 00:09:03] $rotation
INFO [2022-11-14 00:09:03] [1] 1
INFO [2022-11-14 00:09:03] 
