INFO [2022-11-14 00:15:38] [[1]]
INFO [2022-11-14 00:15:38] x
INFO [2022-11-14 00:15:38] 
INFO [2022-11-14 00:15:38] $category.names
INFO [2022-11-14 00:15:38] c("Top 50 PER", "Top 50 GameScore", "NBA 75th Anniversary Players")
INFO [2022-11-14 00:15:38] 
INFO [2022-11-14 00:15:38] $output
INFO [2022-11-14 00:15:38] [1] TRUE
INFO [2022-11-14 00:15:38] 
INFO [2022-11-14 00:15:38] $filename
INFO [2022-11-14 00:15:38] [1] "PERGS75Venn.png"
INFO [2022-11-14 00:15:38] 
INFO [2022-11-14 00:15:38] $height
INFO [2022-11-14 00:15:38] [1] 1000
INFO [2022-11-14 00:15:38] 
INFO [2022-11-14 00:15:38] $width
INFO [2022-11-14 00:15:38] [1] 1300
INFO [2022-11-14 00:15:38] 
INFO [2022-11-14 00:15:38] $resolution
INFO [2022-11-14 00:15:38] [1] 300
INFO [2022-11-14 00:15:38] 
INFO [2022-11-14 00:15:38] $lwd
INFO [2022-11-14 00:15:38] [1] 2
INFO [2022-11-14 00:15:38] 
INFO [2022-11-14 00:15:38] $lty
INFO [2022-11-14 00:15:38] [1] "blank"
INFO [2022-11-14 00:15:38] 
INFO [2022-11-14 00:15:38] $fill
INFO [2022-11-14 00:15:38] myCol
INFO [2022-11-14 00:15:38] 
INFO [2022-11-14 00:15:38] $cex
INFO [2022-11-14 00:15:38] [1] 0.6
INFO [2022-11-14 00:15:38] 
INFO [2022-11-14 00:15:38] $fontface
INFO [2022-11-14 00:15:38] [1] "bold"
INFO [2022-11-14 00:15:38] 
INFO [2022-11-14 00:15:38] $fontfamily
INFO [2022-11-14 00:15:38] [1] "sans"
INFO [2022-11-14 00:15:38] 
INFO [2022-11-14 00:15:38] $cat.cex
INFO [2022-11-14 00:15:38] [1] 0.6
INFO [2022-11-14 00:15:38] 
INFO [2022-11-14 00:15:38] $cat.fontface
INFO [2022-11-14 00:15:38] [1] "bold"
INFO [2022-11-14 00:15:38] 
INFO [2022-11-14 00:15:38] $cat.default.pos
INFO [2022-11-14 00:15:38] [1] "outer"
INFO [2022-11-14 00:15:38] 
INFO [2022-11-14 00:15:38] $cat.pos
INFO [2022-11-14 00:15:38] c(-27, 27, 175)
INFO [2022-11-14 00:15:38] 
INFO [2022-11-14 00:15:38] $cat.dist
INFO [2022-11-14 00:15:38] c(0.055, 0.055, 0.085)
INFO [2022-11-14 00:15:38] 
INFO [2022-11-14 00:15:38] $cat.fontfamily
INFO [2022-11-14 00:15:38] [1] "sans"
INFO [2022-11-14 00:15:38] 
INFO [2022-11-14 00:15:38] $rotation
INFO [2022-11-14 00:15:38] [1] 1
INFO [2022-11-14 00:15:38] 
