INFO [2022-11-14 00:09:48] [[1]]
INFO [2022-11-14 00:09:48] x
INFO [2022-11-14 00:09:48] 
INFO [2022-11-14 00:09:48] $category.names
INFO [2022-11-14 00:09:48] c("Top 50 PER", "Top 50 GameScore", "NBA 75th Anniversary Players")
INFO [2022-11-14 00:09:48] 
INFO [2022-11-14 00:09:48] $output
INFO [2022-11-14 00:09:48] [1] TRUE
INFO [2022-11-14 00:09:48] 
INFO [2022-11-14 00:09:48] $filename
INFO [2022-11-14 00:09:48] [1] "PERGS75Venn.png"
INFO [2022-11-14 00:09:48] 
INFO [2022-11-14 00:09:48] $height
INFO [2022-11-14 00:09:48] [1] 700
INFO [2022-11-14 00:09:48] 
INFO [2022-11-14 00:09:48] $width
INFO [2022-11-14 00:09:48] [1] 1000
INFO [2022-11-14 00:09:48] 
INFO [2022-11-14 00:09:48] $resolution
INFO [2022-11-14 00:09:48] [1] 300
INFO [2022-11-14 00:09:48] 
INFO [2022-11-14 00:09:48] $cex
INFO [2022-11-14 00:09:48] [1] 0.6
INFO [2022-11-14 00:09:48] 
INFO [2022-11-14 00:09:48] $fontface
INFO [2022-11-14 00:09:48] [1] "bold"
INFO [2022-11-14 00:09:48] 
INFO [2022-11-14 00:09:48] $fontfamily
INFO [2022-11-14 00:09:48] [1] "sans"
INFO [2022-11-14 00:09:48] 
INFO [2022-11-14 00:09:48] $cat.cex
INFO [2022-11-14 00:09:48] [1] 0.6
INFO [2022-11-14 00:09:48] 
INFO [2022-11-14 00:09:48] $cat.fontface
INFO [2022-11-14 00:09:48] [1] "bold"
INFO [2022-11-14 00:09:48] 
INFO [2022-11-14 00:09:48] $cat.default.pos
INFO [2022-11-14 00:09:48] [1] "outer"
INFO [2022-11-14 00:09:48] 
INFO [2022-11-14 00:09:48] $cat.pos
INFO [2022-11-14 00:09:48] c(-27, 27, 135)
INFO [2022-11-14 00:09:48] 
INFO [2022-11-14 00:09:48] $cat.dist
INFO [2022-11-14 00:09:48] c(0.055, 0.055, 0.085)
INFO [2022-11-14 00:09:48] 
INFO [2022-11-14 00:09:48] $cat.fontfamily
INFO [2022-11-14 00:09:48] [1] "sans"
INFO [2022-11-14 00:09:48] 
INFO [2022-11-14 00:09:48] $rotation
INFO [2022-11-14 00:09:48] [1] 1
INFO [2022-11-14 00:09:48] 
