INFO [2022-11-14 00:05:19] [[1]]
INFO [2022-11-14 00:05:19] x
INFO [2022-11-14 00:05:19] 
INFO [2022-11-14 00:05:19] $category.names
INFO [2022-11-14 00:05:19] c("Top 50 PER", "Top 50 GameScore", "NBA 75th Anniversary Players")
INFO [2022-11-14 00:05:19] 
INFO [2022-11-14 00:05:19] $filename
INFO [2022-11-14 00:05:19] [1] "PERGS75Venn"
INFO [2022-11-14 00:05:19] 
INFO [2022-11-14 00:05:19] $imagetype
INFO [2022-11-14 00:05:19] [1] "png"
INFO [2022-11-14 00:05:19] 
INFO [2022-11-14 00:05:19] $height
INFO [2022-11-14 00:05:19] [1] 480
INFO [2022-11-14 00:05:19] 
INFO [2022-11-14 00:05:19] $width
INFO [2022-11-14 00:05:19] [1] 480
INFO [2022-11-14 00:05:19] 
INFO [2022-11-14 00:05:19] $resolution
INFO [2022-11-14 00:05:19] [1] 300
INFO [2022-11-14 00:05:19] 
INFO [2022-11-14 00:05:19] $compression
INFO [2022-11-14 00:05:19] [1] "lzw"
INFO [2022-11-14 00:05:19] 
INFO [2022-11-14 00:05:19] $cat.cex
INFO [2022-11-14 00:05:19] [1] 0.6
INFO [2022-11-14 00:05:19] 
INFO [2022-11-14 00:05:19] $cat.fontface
INFO [2022-11-14 00:05:19] [1] "bold"
INFO [2022-11-14 00:05:19] 
INFO [2022-11-14 00:05:19] $cat.default.pos
INFO [2022-11-14 00:05:19] [1] "outer"
INFO [2022-11-14 00:05:19] 
INFO [2022-11-14 00:05:19] $cat.pos
INFO [2022-11-14 00:05:19] c(-27, 27, 135)
INFO [2022-11-14 00:05:19] 
INFO [2022-11-14 00:05:19] $cat.dist
INFO [2022-11-14 00:05:19] c(0.055, 0.055, 0.085)
INFO [2022-11-14 00:05:19] 
INFO [2022-11-14 00:05:19] $cat.fontfamily
INFO [2022-11-14 00:05:19] [1] "sans"
INFO [2022-11-14 00:05:19] 
INFO [2022-11-14 00:05:19] $rotation
INFO [2022-11-14 00:05:19] [1] 1
INFO [2022-11-14 00:05:19] 
